<?xml version="1.0" encoding="utf-8"?><testsuites name="pytest tests"><testsuite name="pytest" errors="0" failures="0" skipped="0" tests="62" time="9.314" timestamp="2026-09-08T16:53:26.792546+08:00" hostname="企鹅的电脑"><testcase classname="tests.test_project_layout" name="test_business_package_has_one_active_home" time="0.001" /><testcase classname="tests.test_project_layout" name="test_all_vendored_models_match_fixed_upstream" time="0.001" /><testcase classname="tests.test_project_layout" name="test_repeated_initializer_preserves_existing_business_and_adapters" time="0.008" /><testcase classname="tests.test_project_layout" name="test_initializer_restores_models_from_pinned_commit" time="0.147" /><testcase classname="tests.test_project_layout" name="test_gpt2_path_works_outside_project_cwd" time="0.002" /><testcase classname="tests.test_project_layout" name="test_stage_dispatch_works_outside_project_cwd" time="0.301" /><testcase classname="tests.v6.p2.test_constant_variant_fact_only" name="test_constant_variant_fact_only" time="0.001" /><testcase classname="tests.v6.p2.test_itransformer_hash_unchanged" name="test_itransformer_hash_unchanged" time="0.001" /><testcase classname="tests.v6.p2.test_missing_text_column_fails" name="test_missing_text_column_fails" time="0.000" /><testcase classname="tests.v6.p2.test_no_paid_llm_calls" name="test_no_paid_llm_calls_in_p2_frontend" time="0.001" /><testcase classname="tests.v6.p2.test_non_text_columns_identical" name="test_non_text_columns_identical_for_all_variants" time="0.011" /><testcase classname="tests.v6.p2.test_official_pooling_unchanged" name="test_official_pooling_unchanged" time="0.001" /><testcase classname="tests.v6.p2.test_p1b_first_batch_parity" name="test_p1b_first_batch_parity" time="0.000" /><testcase classname="tests.v6.p2.test_p1b_forward_parity" name="test_p1b_forward_parity" time="0.000" /><testcase classname="tests.v6.p2.test_prior_weight_zero" name="test_prior_weight_zero_math_and_run" time="0.001" /><testcase classname="tests.v6.p2.test_raw_variant_identity" name="test_raw_variant_non_text_identity" time="0.000" /><testcase classname="tests.v6.p2.test_run_directory_isolation" name="test_run_directory_isolation" time="0.001" /><testcase classname="tests.v6.p2.test_shuffle_within_split" name="test_shuffle_within_split" time="0.010" /><testcase classname="tests.v6.p2.test_strict_local_gpt2" name="test_strict_local_gpt2_manifest" time="0.385" /><testcase classname="tests.v6.p2.test_tats_cen_initial_copy" name="test_tats_cen_initial_copy_manifest_matches_upstream" time="0.001" /><testcase classname="tests.v6.p2.test_text_mode_mapping" name="test_text_mode_mapping" time="0.000" /><testcase classname="tests.v6.p2.test_text_projection_structure_unchanged" name="test_text_projection_structure_unchanged" time="0.000" /><testcase classname="tests.v6.p2.test_unimplemented_modes_fail" name="test_unimplemented_modes_fail" time="0.000" /><testcase classname="tests.v6.p2.test_upstream_untouched" name="test_upstream_untouched" time="0.016" /><testcase classname="tests.v6.p3a.test_api_budget_enforced" name="test_api_budget_enforced" time="0.002" /><testcase classname="tests.v6.p3a.test_api_budget_enforced" name="test_concurrent_budget_reservations_are_atomic" time="0.013" /><testcase classname="tests.v6.p3a.test_api_key_not_logged" name="test_api_key_not_logged_or_manifested" time="0.001" /><testcase classname="tests.v6.p3a.test_cache_hit_no_new_call" name="test_cache_hit_no_new_call" time="0.003" /><testcase classname="tests.v6.p3a.test_cache_key_complete" name="test_cache_key_requires_every_component" time="0.000" /><testcase classname="tests.v6.p3a.test_confidence_range" name="test_confidence_range" time="0.003" /><testcase classname="tests.v6.p3a.test_event_schema_validation" name="test_event_schema_rejects_missing_required_fields" time="0.000" /><testcase classname="tests.v6.p3a.test_evidence_grounding" name="test_evidence_grounding_exact" time="0.002" /><testcase classname="tests.v6.p3a.test_future_event_factuality" name="test_future_observed_event_is_invalid" time="0.000" /><testcase classname="tests.v6.p3a.test_lag_order" name="test_lag_order_rejected" time="0.002" /><testcase classname="tests.v6.p3a.test_narrative_deterministic" name="test_narrative_deterministic" time="0.002" /><testcase classname="tests.v6.p3a.test_no_m2_training" name="test_no_m2_training" time="0.001" /><testcase classname="tests.v6.p3a.test_no_paid_calls_when_cache_hit" name="test_no_paid_calls_when_cache_hit" time="0.002" /><testcase classname="tests.v6.p3a.test_no_rule_fallback" name="test_api_failure_has_no_rule_or_raw_text_fallback" time="0.001" /><testcase classname="tests.v6.p3a.test_no_validation_or_test_calls" name="test_no_validation_or_test_calls" time="0.001" /><testcase classname="tests.v6.p3a.test_pilot_numeric_identity" name="test_pilot_numeric_identity" time="0.008" /><testcase classname="tests.v6.p3a.test_prompt_version_hash" name="test_prompt_version_hash" time="0.001" /><testcase classname="tests.v6.p3a.test_tats_backbone_unchanged" name="test_tats_backbone_unchanged" time="0.001" /><testcase classname="tests.v6.p3a.test_unsupported_event_removed" name="test_unsupported_event_removed_from_narrative" time="0.002" /><testcase classname="tests.v6.test_cuda_available" name="test_cuda_available_and_gpt2_forward" time="3.512" /><testcase classname="tests.v6.test_gpt2_local_loading" name="test_gpt2_path_exists_and_hidden_size_is_768" time="1.112" /><testcase classname="tests.v6.test_gpt2_local_loading" name="test_local_files_only_embeddings_are_nonconstant" time="0.736" /><testcase classname="tests.v6.test_itransformer_required" name="test_patchtst_is_rejected_for_v6" time="0.001" /><testcase classname="tests.v6.test_itransformer_required" name="test_itransformer_forward_shape" time="0.023" /><testcase classname="tests.v6.test_no_random_embedding_fallback" name="test_random_embedding_fallback_is_forbidden" time="0.001" /><testcase classname="tests.v6.test_no_random_embedding_fallback" name="test_pretrained_local_only_config_passes" time="0.001" /><testcase classname="tests.v6.test_p1_checkpoint_isolation" name="test_p1_each_method_has_isolated_checkpoint_dir" time="0.001" /><testcase classname="tests.v6.test_p1_environment_split" name="test_p1_environment_split_is_chronological_and_hashed" time="0.001" /><testcase classname="tests.v6.test_p1_gpt2_strict_loading" name="test_p1_gpt2_strict_loading_uses_pretrained_local_gpt2" time="0.704" /><testcase classname="tests.v6.test_p1_no_paid_llm_calls" name="test_p1_records_no_paid_llm_calls" time="0.001" /><testcase classname="tests.v6.test_p1_prediction_difference" name="test_p1_required_prediction_hashes_differ" time="0.001" /><testcase classname="tests.v6.test_p1_projected_text_nonzero" name="test_p1_m1_projected_text_is_nonzero" time="0.001" /><testcase classname="tests.v6.test_p1_projection_gradient" name="test_p1_m1_projection_gradient_is_nonzero" time="0.001" /><testcase classname="tests.v6.test_p1_same_numeric_windows" name="test_p1_methods_share_same_numeric_test_windows" time="0.001" /><testcase classname="tests.v6.test_p1_shuffle_within_split" name="test_p1_shuffle_mapping_stays_within_split" time="0.009" /><testcase classname="tests.v6.test_p1_zero_text_control" name="test_p1_zero_text_control_keeps_shape_but_zeroes_projected_text" time="0.001" /><testcase classname="tests.v6.test_preflight_environment" name="test_python_executable_is_tats" time="0.000" /><testcase classname="tests.v6.test_tats_text_gradient" name="test_tats_text_projection_gradient_and_text_sensitivity" time="0.918" /></testsuite></testsuites>